<?xml version="1.0" encoding="UTF-8"?>
<!-- Generated by org.testng.reporters.JUnitXMLReporter -->
<testsuite hostname="Priya" ignored="0" name="Default test" tests="2" failures="0" timestamp="15 Jun 2020 10:10:35 GMT" time="180.666" errors="0">
  <testcase name="verifyReadOnlySummeryPageDetails" time="39.114" classname="com.bgp.testcases.FormSubmission"/>
  <testcase name="verifySubmittedFormAndProcessingTab" time="65.967" classname="com.bgp.testcases.FormSubmission"/>
</testsuite> <!-- Default test -->
