<?xml version="1.0" encoding="UTF-8"?>
<!-- Generated by org.testng.reporters.JUnitXMLReporter -->
<testsuite hostname="Priya" ignored="0" name="BGP Test Cases" tests="16" failures="0" timestamp="16 Jun 2020 07:42:08 GMT" time="717.375" errors="0">
  <testcase name="verifyAllQuestionsAvailable" time="0.582" classname="com.bgp.testcases.EligibilityPageTest"/>
  <testcase name="verifySaveAndRefreshPage" time="3.163" classname="com.bgp.testcases.EligibilityPageTest"/>
  <testcase name="verifyWarningMsgForAllQuestions" time="18.122" classname="com.bgp.testcases.EligibilityPageTest"/>
  <testcase name="verifyCheckBoxSameAsAddressCompanyProfile" time="0.679" classname="com.bgp.testcases.ContactDetailsPageTest"/>
  <testcase name="verifyCheckBoxSameAsMainContactPerson" time="0.938" classname="com.bgp.testcases.ContactDetailsPageTest"/>
  <testcase name="verifySaveAndRefresh" time="3.613" classname="com.bgp.testcases.ContactDetailsPageTest"/>
  <testcase name="verifySubSectionOfLetterOfAddressee" time="0.353" classname="com.bgp.testcases.ContactDetailsPageTest"/>
  <testcase name="verifySubSectionOfMainContactPerson" time="2.801" classname="com.bgp.testcases.ContactDetailsPageTest"/>
  <testcase name="verifyBackOnBIPage" time="54.509" classname="com.bgp.testcases.ReviewPageAndBacktoErrorPage"/>
  <testcase name="verifyBackOnContactDetailsPage" time="45.299" classname="com.bgp.testcases.ReviewPageAndBacktoErrorPage"/>
  <testcase name="verifyBackOnCostPage" time="31.248" classname="com.bgp.testcases.ReviewPageAndBacktoErrorPage"/>
  <testcase name="verifyBackOnDeclarePage" time="46.912" classname="com.bgp.testcases.ReviewPageAndBacktoErrorPage"/>
  <testcase name="verifyBackOnEligibiltyPage" time="45.694" classname="com.bgp.testcases.ReviewPageAndBacktoErrorPage"/>
  <testcase name="verifyBackOnProposalPage" time="47.276" classname="com.bgp.testcases.ReviewPageAndBacktoErrorPage"/>
  <testcase name="verifyReadOnlySummeryPageDetails" time="54.004" classname="com.bgp.testcases.FormSubmission"/>
  <testcase name="verifySubmittedFormAndProcessingTab" time="60.516" classname="com.bgp.testcases.FormSubmission"/>
</testsuite> <!-- BGP Test Cases -->
