<?xml version="1.0" encoding="UTF-8"?>
<testng-results skipped="0" failed="0" ignored="0" total="15" passed="15">
  <reporter-output>
  </reporter-output>
  <suite name="BGP Test Suite" duration-ms="618135" started-at="2020-06-15T11:55:43Z" finished-at="2020-06-15T12:06:01Z">
    <groups>
    </groups>
    <test name="BGP Test Cases" duration-ms="618135" started-at="2020-06-15T11:55:43Z" finished-at="2020-06-15T12:06:01Z">
      <class name="com.bgp.testcases.EligibilityPageTest">
        <test-method status="PASS" signature="beforeMethod()[pri:0, instance:com.bgp.testcases.EligibilityPageTest@6325a3ee]" name="beforeMethod" is-config="true" duration-ms="13979" started-at="2020-06-15T11:55:43Z" finished-at="2020-06-15T11:55:57Z">
          <reporter-output>
          </reporter-output>
        </test-method> <!-- beforeMethod -->
        <test-method status="PASS" signature="getFormPages()[pri:0, instance:com.bgp.testcases.EligibilityPageTest@6325a3ee]" name="getFormPages" is-config="true" duration-ms="8288" started-at="2020-06-15T11:55:57Z" finished-at="2020-06-15T11:56:05Z">
          <reporter-output>
          </reporter-output>
        </test-method> <!-- getFormPages -->
        <test-method status="PASS" signature="verifyAllQuestionsAvailable()[pri:0, instance:com.bgp.testcases.EligibilityPageTest@6325a3ee]" name="verifyAllQuestionsAvailable" duration-ms="973" started-at="2020-06-15T11:56:05Z" finished-at="2020-06-15T11:56:06Z">
          <reporter-output>
          </reporter-output>
        </test-method> <!-- verifyAllQuestionsAvailable -->
        <test-method status="PASS" signature="afterMethod(org.testng.ITestResult)[pri:0, instance:com.bgp.testcases.EligibilityPageTest@6325a3ee]" name="afterMethod" is-config="true" duration-ms="841" started-at="2020-06-15T11:56:06Z" finished-at="2020-06-15T11:56:07Z">
          <params>
            <param index="0">
              <value>
                <![CDATA[[TestResult name=verifyAllQuestionsAvailable status=SUCCESS method=EligibilityPageTest.verifyAllQuestionsAvailable()[pri:0, instance:com.bgp.testcases.EligibilityPageTest@6325a3ee] output={null}]]]>
              </value>
            </param>
          </params>
          <reporter-output>
          </reporter-output>
        </test-method> <!-- afterMethod -->
        <test-method status="PASS" signature="beforeMethod()[pri:0, instance:com.bgp.testcases.EligibilityPageTest@6325a3ee]" name="beforeMethod" is-config="true" duration-ms="9929" started-at="2020-06-15T11:56:07Z" finished-at="2020-06-15T11:56:17Z">
          <reporter-output>
          </reporter-output>
        </test-method> <!-- beforeMethod -->
        <test-method status="PASS" signature="getFormPages()[pri:0, instance:com.bgp.testcases.EligibilityPageTest@6325a3ee]" name="getFormPages" is-config="true" duration-ms="7360" started-at="2020-06-15T11:56:17Z" finished-at="2020-06-15T11:56:24Z">
          <reporter-output>
          </reporter-output>
        </test-method> <!-- getFormPages -->
        <test-method status="PASS" signature="verifySaveAndRefreshPage()[pri:0, instance:com.bgp.testcases.EligibilityPageTest@6325a3ee]" name="verifySaveAndRefreshPage" duration-ms="3169" started-at="2020-06-15T11:56:24Z" finished-at="2020-06-15T11:56:27Z">
          <reporter-output>
          </reporter-output>
        </test-method> <!-- verifySaveAndRefreshPage -->
        <test-method status="PASS" signature="afterMethod(org.testng.ITestResult)[pri:0, instance:com.bgp.testcases.EligibilityPageTest@6325a3ee]" name="afterMethod" is-config="true" duration-ms="716" started-at="2020-06-15T11:56:27Z" finished-at="2020-06-15T11:56:28Z">
          <params>
            <param index="0">
              <value>
                <![CDATA[[TestResult name=verifySaveAndRefreshPage status=SUCCESS method=EligibilityPageTest.verifySaveAndRefreshPage()[pri:0, instance:com.bgp.testcases.EligibilityPageTest@6325a3ee] output={null}]]]>
              </value>
            </param>
          </params>
          <reporter-output>
          </reporter-output>
        </test-method> <!-- afterMethod -->
        <test-method status="PASS" signature="beforeMethod()[pri:0, instance:com.bgp.testcases.EligibilityPageTest@6325a3ee]" name="beforeMethod" is-config="true" duration-ms="8688" started-at="2020-06-15T11:56:28Z" finished-at="2020-06-15T11:56:37Z">
          <reporter-output>
          </reporter-output>
        </test-method> <!-- beforeMethod -->
        <test-method status="PASS" signature="getFormPages()[pri:0, instance:com.bgp.testcases.EligibilityPageTest@6325a3ee]" name="getFormPages" is-config="true" duration-ms="7999" started-at="2020-06-15T11:56:37Z" finished-at="2020-06-15T11:56:45Z">
          <reporter-output>
          </reporter-output>
        </test-method> <!-- getFormPages -->
        <test-method status="PASS" signature="verifyWarningMsgForAllQuestions()[pri:0, instance:com.bgp.testcases.EligibilityPageTest@6325a3ee]" name="verifyWarningMsgForAllQuestions" duration-ms="16979" started-at="2020-06-15T11:56:45Z" finished-at="2020-06-15T11:57:02Z">
          <reporter-output>
          </reporter-output>
        </test-method> <!-- verifyWarningMsgForAllQuestions -->
        <test-method status="PASS" signature="afterMethod(org.testng.ITestResult)[pri:0, instance:com.bgp.testcases.EligibilityPageTest@6325a3ee]" name="afterMethod" is-config="true" duration-ms="713" started-at="2020-06-15T11:57:02Z" finished-at="2020-06-15T11:57:02Z">
          <params>
            <param index="0">
              <value>
                <![CDATA[[TestResult name=verifyWarningMsgForAllQuestions status=SUCCESS method=EligibilityPageTest.verifyWarningMsgForAllQuestions()[pri:0, instance:com.bgp.testcases.EligibilityPageTest@6325a3ee] output={null}]]]>
              </value>
            </param>
          </params>
          <reporter-output>
          </reporter-output>
        </test-method> <!-- afterMethod -->
      </class> <!-- com.bgp.testcases.EligibilityPageTest -->
      <class name="com.bgp.testcases.ContactDetailsPageTest">
        <test-method status="PASS" signature="beforeMethod()[pri:0, instance:com.bgp.testcases.ContactDetailsPageTest@1d16f93d]" name="beforeMethod" is-config="true" duration-ms="9179" started-at="2020-06-15T11:57:02Z" finished-at="2020-06-15T11:57:12Z">
          <reporter-output>
          </reporter-output>
        </test-method> <!-- beforeMethod -->
        <test-method status="PASS" signature="getFormPages()[pri:0, instance:com.bgp.testcases.ContactDetailsPageTest@1d16f93d]" name="getFormPages" is-config="true" duration-ms="9103" started-at="2020-06-15T11:57:12Z" finished-at="2020-06-15T11:57:21Z">
          <reporter-output>
          </reporter-output>
        </test-method> <!-- getFormPages -->
        <test-method status="PASS" signature="verifyCheckBoxSameAsAddressCompanyProfile()[pri:0, instance:com.bgp.testcases.ContactDetailsPageTest@1d16f93d]" name="verifyCheckBoxSameAsAddressCompanyProfile" duration-ms="774" started-at="2020-06-15T11:57:21Z" finished-at="2020-06-15T11:57:21Z">
          <reporter-output>
          </reporter-output>
        </test-method> <!-- verifyCheckBoxSameAsAddressCompanyProfile -->
        <test-method status="PASS" signature="afterMethod(org.testng.ITestResult)[pri:0, instance:com.bgp.testcases.ContactDetailsPageTest@1d16f93d]" name="afterMethod" is-config="true" duration-ms="675" started-at="2020-06-15T11:57:21Z" finished-at="2020-06-15T11:57:22Z">
          <params>
            <param index="0">
              <value>
                <![CDATA[[TestResult name=verifyCheckBoxSameAsAddressCompanyProfile status=SUCCESS method=ContactDetailsPageTest.verifyCheckBoxSameAsAddressCompanyProfile()[pri:0, instance:com.bgp.testcases.ContactDetailsPageTest@1d16f93d] output={null}]]]>
              </value>
            </param>
          </params>
          <reporter-output>
          </reporter-output>
        </test-method> <!-- afterMethod -->
        <test-method status="PASS" signature="beforeMethod()[pri:0, instance:com.bgp.testcases.ContactDetailsPageTest@1d16f93d]" name="beforeMethod" is-config="true" duration-ms="8062" started-at="2020-06-15T11:57:22Z" finished-at="2020-06-15T11:57:30Z">
          <reporter-output>
          </reporter-output>
        </test-method> <!-- beforeMethod -->
        <test-method status="PASS" signature="getFormPages()[pri:0, instance:com.bgp.testcases.ContactDetailsPageTest@1d16f93d]" name="getFormPages" is-config="true" duration-ms="9313" started-at="2020-06-15T11:57:30Z" finished-at="2020-06-15T11:57:40Z">
          <reporter-output>
          </reporter-output>
        </test-method> <!-- getFormPages -->
        <test-method status="PASS" signature="verifyCheckBoxSameAsMainContactPerson()[pri:0, instance:com.bgp.testcases.ContactDetailsPageTest@1d16f93d]" name="verifyCheckBoxSameAsMainContactPerson" duration-ms="797" started-at="2020-06-15T11:57:40Z" finished-at="2020-06-15T11:57:40Z">
          <reporter-output>
          </reporter-output>
        </test-method> <!-- verifyCheckBoxSameAsMainContactPerson -->
        <test-method status="PASS" signature="afterMethod(org.testng.ITestResult)[pri:0, instance:com.bgp.testcases.ContactDetailsPageTest@1d16f93d]" name="afterMethod" is-config="true" duration-ms="733" started-at="2020-06-15T11:57:40Z" finished-at="2020-06-15T11:57:41Z">
          <params>
            <param index="0">
              <value>
                <![CDATA[[TestResult name=verifyCheckBoxSameAsMainContactPerson status=SUCCESS method=ContactDetailsPageTest.verifyCheckBoxSameAsMainContactPerson()[pri:0, instance:com.bgp.testcases.ContactDetailsPageTest@1d16f93d] output={null}]]]>
              </value>
            </param>
          </params>
          <reporter-output>
          </reporter-output>
        </test-method> <!-- afterMethod -->
        <test-method status="PASS" signature="beforeMethod()[pri:0, instance:com.bgp.testcases.ContactDetailsPageTest@1d16f93d]" name="beforeMethod" is-config="true" duration-ms="8317" started-at="2020-06-15T11:57:41Z" finished-at="2020-06-15T11:57:49Z">
          <reporter-output>
          </reporter-output>
        </test-method> <!-- beforeMethod -->
        <test-method status="PASS" signature="getFormPages()[pri:0, instance:com.bgp.testcases.ContactDetailsPageTest@1d16f93d]" name="getFormPages" is-config="true" duration-ms="8763" started-at="2020-06-15T11:57:49Z" finished-at="2020-06-15T11:57:58Z">
          <reporter-output>
          </reporter-output>
        </test-method> <!-- getFormPages -->
        <test-method status="PASS" signature="verifySaveAndRefresh()[pri:0, instance:com.bgp.testcases.ContactDetailsPageTest@1d16f93d]" name="verifySaveAndRefresh" duration-ms="3517" started-at="2020-06-15T11:57:58Z" finished-at="2020-06-15T11:58:02Z">
          <reporter-output>
          </reporter-output>
        </test-method> <!-- verifySaveAndRefresh -->
        <test-method status="PASS" signature="afterMethod(org.testng.ITestResult)[pri:0, instance:com.bgp.testcases.ContactDetailsPageTest@1d16f93d]" name="afterMethod" is-config="true" duration-ms="672" started-at="2020-06-15T11:58:02Z" finished-at="2020-06-15T11:58:02Z">
          <params>
            <param index="0">
              <value>
                <![CDATA[[TestResult name=verifySaveAndRefresh status=SUCCESS method=ContactDetailsPageTest.verifySaveAndRefresh()[pri:0, instance:com.bgp.testcases.ContactDetailsPageTest@1d16f93d] output={null}]]]>
              </value>
            </param>
          </params>
          <reporter-output>
          </reporter-output>
        </test-method> <!-- afterMethod -->
        <test-method status="PASS" signature="beforeMethod()[pri:0, instance:com.bgp.testcases.ContactDetailsPageTest@1d16f93d]" name="beforeMethod" is-config="true" duration-ms="7796" started-at="2020-06-15T11:58:02Z" finished-at="2020-06-15T11:58:10Z">
          <reporter-output>
          </reporter-output>
        </test-method> <!-- beforeMethod -->
        <test-method status="PASS" signature="getFormPages()[pri:0, instance:com.bgp.testcases.ContactDetailsPageTest@1d16f93d]" name="getFormPages" is-config="true" duration-ms="9412" started-at="2020-06-15T11:58:10Z" finished-at="2020-06-15T11:58:20Z">
          <reporter-output>
          </reporter-output>
        </test-method> <!-- getFormPages -->
        <test-method status="PASS" signature="verifySubSectionOfLetterOfAddressee()[pri:0, instance:com.bgp.testcases.ContactDetailsPageTest@1d16f93d]" name="verifySubSectionOfLetterOfAddressee" duration-ms="556" started-at="2020-06-15T11:58:20Z" finished-at="2020-06-15T11:58:20Z">
          <reporter-output>
          </reporter-output>
        </test-method> <!-- verifySubSectionOfLetterOfAddressee -->
        <test-method status="PASS" signature="afterMethod(org.testng.ITestResult)[pri:0, instance:com.bgp.testcases.ContactDetailsPageTest@1d16f93d]" name="afterMethod" is-config="true" duration-ms="732" started-at="2020-06-15T11:58:20Z" finished-at="2020-06-15T11:58:21Z">
          <params>
            <param index="0">
              <value>
                <![CDATA[[TestResult name=verifySubSectionOfLetterOfAddressee status=SUCCESS method=ContactDetailsPageTest.verifySubSectionOfLetterOfAddressee()[pri:0, instance:com.bgp.testcases.ContactDetailsPageTest@1d16f93d] output={null}]]]>
              </value>
            </param>
          </params>
          <reporter-output>
          </reporter-output>
        </test-method> <!-- afterMethod -->
        <test-method status="PASS" signature="beforeMethod()[pri:0, instance:com.bgp.testcases.ContactDetailsPageTest@1d16f93d]" name="beforeMethod" is-config="true" duration-ms="10296" started-at="2020-06-15T11:58:21Z" finished-at="2020-06-15T11:58:31Z">
          <reporter-output>
          </reporter-output>
        </test-method> <!-- beforeMethod -->
        <test-method status="PASS" signature="getFormPages()[pri:0, instance:com.bgp.testcases.ContactDetailsPageTest@1d16f93d]" name="getFormPages" is-config="true" duration-ms="9612" started-at="2020-06-15T11:58:31Z" finished-at="2020-06-15T11:58:41Z">
          <reporter-output>
          </reporter-output>
        </test-method> <!-- getFormPages -->
        <test-method status="PASS" signature="verifySubSectionOfMainContactPerson()[pri:0, instance:com.bgp.testcases.ContactDetailsPageTest@1d16f93d]" name="verifySubSectionOfMainContactPerson" duration-ms="2392" started-at="2020-06-15T11:58:41Z" finished-at="2020-06-15T11:58:43Z">
          <reporter-output>
          </reporter-output>
        </test-method> <!-- verifySubSectionOfMainContactPerson -->
        <test-method status="PASS" signature="afterMethod(org.testng.ITestResult)[pri:0, instance:com.bgp.testcases.ContactDetailsPageTest@1d16f93d]" name="afterMethod" is-config="true" duration-ms="671" started-at="2020-06-15T11:58:43Z" finished-at="2020-06-15T11:58:44Z">
          <params>
            <param index="0">
              <value>
                <![CDATA[[TestResult name=verifySubSectionOfMainContactPerson status=SUCCESS method=ContactDetailsPageTest.verifySubSectionOfMainContactPerson()[pri:0, instance:com.bgp.testcases.ContactDetailsPageTest@1d16f93d] output={null}]]]>
              </value>
            </param>
          </params>
          <reporter-output>
          </reporter-output>
        </test-method> <!-- afterMethod -->
      </class> <!-- com.bgp.testcases.ContactDetailsPageTest -->
      <class name="com.bgp.testcases.ReviewPageAndBacktoErrorPage">
        <test-method status="PASS" signature="beforeMethod()[pri:0, instance:com.bgp.testcases.ReviewPageAndBacktoErrorPage@67b92f0a]" name="beforeMethod" is-config="true" duration-ms="7631" started-at="2020-06-15T11:58:44Z" finished-at="2020-06-15T11:58:51Z">
          <reporter-output>
          </reporter-output>
        </test-method> <!-- beforeMethod -->
        <test-method status="PASS" signature="getFormPages()[pri:0, instance:com.bgp.testcases.ReviewPageAndBacktoErrorPage@67b92f0a]" name="getFormPages" is-config="true" duration-ms="8952" started-at="2020-06-15T11:58:51Z" finished-at="2020-06-15T11:59:00Z">
          <reporter-output>
          </reporter-output>
        </test-method> <!-- getFormPages -->
        <test-method status="PASS" signature="verifyBackOnBIPage()[pri:0, instance:com.bgp.testcases.ReviewPageAndBacktoErrorPage@67b92f0a]" name="verifyBackOnBIPage" duration-ms="50433" started-at="2020-06-15T11:59:00Z" finished-at="2020-06-15T11:59:51Z">
          <reporter-output>
          </reporter-output>
        </test-method> <!-- verifyBackOnBIPage -->
        <test-method status="PASS" signature="afterMethod(org.testng.ITestResult)[pri:0, instance:com.bgp.testcases.ReviewPageAndBacktoErrorPage@67b92f0a]" name="afterMethod" is-config="true" duration-ms="716" started-at="2020-06-15T11:59:51Z" finished-at="2020-06-15T11:59:52Z">
          <params>
            <param index="0">
              <value>
                <![CDATA[[TestResult name=verifyBackOnBIPage status=SUCCESS method=ReviewPageAndBacktoErrorPage.verifyBackOnBIPage()[pri:0, instance:com.bgp.testcases.ReviewPageAndBacktoErrorPage@67b92f0a] output={null}]]]>
              </value>
            </param>
          </params>
          <reporter-output>
          </reporter-output>
        </test-method> <!-- afterMethod -->
        <test-method status="PASS" signature="beforeMethod()[pri:0, instance:com.bgp.testcases.ReviewPageAndBacktoErrorPage@67b92f0a]" name="beforeMethod" is-config="true" duration-ms="9036" started-at="2020-06-15T11:59:52Z" finished-at="2020-06-15T12:00:01Z">
          <reporter-output>
          </reporter-output>
        </test-method> <!-- beforeMethod -->
        <test-method status="PASS" signature="getFormPages()[pri:0, instance:com.bgp.testcases.ReviewPageAndBacktoErrorPage@67b92f0a]" name="getFormPages" is-config="true" duration-ms="11492" started-at="2020-06-15T12:00:01Z" finished-at="2020-06-15T12:00:12Z">
          <reporter-output>
          </reporter-output>
        </test-method> <!-- getFormPages -->
        <test-method status="PASS" signature="verifyBackOnContactDetailsPage()[pri:0, instance:com.bgp.testcases.ReviewPageAndBacktoErrorPage@67b92f0a]" name="verifyBackOnContactDetailsPage" duration-ms="44675" started-at="2020-06-15T12:00:12Z" finished-at="2020-06-15T12:00:57Z">
          <reporter-output>
          </reporter-output>
        </test-method> <!-- verifyBackOnContactDetailsPage -->
        <test-method status="PASS" signature="afterMethod(org.testng.ITestResult)[pri:0, instance:com.bgp.testcases.ReviewPageAndBacktoErrorPage@67b92f0a]" name="afterMethod" is-config="true" duration-ms="718" started-at="2020-06-15T12:00:57Z" finished-at="2020-06-15T12:00:57Z">
          <params>
            <param index="0">
              <value>
                <![CDATA[[TestResult name=verifyBackOnContactDetailsPage status=SUCCESS method=ReviewPageAndBacktoErrorPage.verifyBackOnContactDetailsPage()[pri:0, instance:com.bgp.testcases.ReviewPageAndBacktoErrorPage@67b92f0a] output={null}]]]>
              </value>
            </param>
          </params>
          <reporter-output>
          </reporter-output>
        </test-method> <!-- afterMethod -->
        <test-method status="PASS" signature="beforeMethod()[pri:0, instance:com.bgp.testcases.ReviewPageAndBacktoErrorPage@67b92f0a]" name="beforeMethod" is-config="true" duration-ms="9337" started-at="2020-06-15T12:00:57Z" finished-at="2020-06-15T12:01:07Z">
          <reporter-output>
          </reporter-output>
        </test-method> <!-- beforeMethod -->
        <test-method status="PASS" signature="getFormPages()[pri:0, instance:com.bgp.testcases.ReviewPageAndBacktoErrorPage@67b92f0a]" name="getFormPages" is-config="true" duration-ms="7656" started-at="2020-06-15T12:01:07Z" finished-at="2020-06-15T12:01:14Z">
          <reporter-output>
          </reporter-output>
        </test-method> <!-- getFormPages -->
        <test-method status="PASS" signature="verifyBackOnCostPage()[pri:0, instance:com.bgp.testcases.ReviewPageAndBacktoErrorPage@67b92f0a]" name="verifyBackOnCostPage" duration-ms="29460" started-at="2020-06-15T12:01:14Z" finished-at="2020-06-15T12:01:44Z">
          <reporter-output>
          </reporter-output>
        </test-method> <!-- verifyBackOnCostPage -->
        <test-method status="PASS" signature="afterMethod(org.testng.ITestResult)[pri:0, instance:com.bgp.testcases.ReviewPageAndBacktoErrorPage@67b92f0a]" name="afterMethod" is-config="true" duration-ms="718" started-at="2020-06-15T12:01:44Z" finished-at="2020-06-15T12:01:45Z">
          <params>
            <param index="0">
              <value>
                <![CDATA[[TestResult name=verifyBackOnCostPage status=SUCCESS method=ReviewPageAndBacktoErrorPage.verifyBackOnCostPage()[pri:0, instance:com.bgp.testcases.ReviewPageAndBacktoErrorPage@67b92f0a] output={null}]]]>
              </value>
            </param>
          </params>
          <reporter-output>
          </reporter-output>
        </test-method> <!-- afterMethod -->
        <test-method status="PASS" signature="beforeMethod()[pri:0, instance:com.bgp.testcases.ReviewPageAndBacktoErrorPage@67b92f0a]" name="beforeMethod" is-config="true" duration-ms="8187" started-at="2020-06-15T12:01:45Z" finished-at="2020-06-15T12:01:53Z">
          <reporter-output>
          </reporter-output>
        </test-method> <!-- beforeMethod -->
        <test-method status="PASS" signature="getFormPages()[pri:0, instance:com.bgp.testcases.ReviewPageAndBacktoErrorPage@67b92f0a]" name="getFormPages" is-config="true" duration-ms="7392" started-at="2020-06-15T12:01:53Z" finished-at="2020-06-15T12:02:00Z">
          <reporter-output>
          </reporter-output>
        </test-method> <!-- getFormPages -->
        <test-method status="PASS" signature="verifyBackOnDeclarePage()[pri:0, instance:com.bgp.testcases.ReviewPageAndBacktoErrorPage@67b92f0a]" name="verifyBackOnDeclarePage" duration-ms="41958" started-at="2020-06-15T12:02:00Z" finished-at="2020-06-15T12:02:42Z">
          <reporter-output>
          </reporter-output>
        </test-method> <!-- verifyBackOnDeclarePage -->
        <test-method status="PASS" signature="afterMethod(org.testng.ITestResult)[pri:0, instance:com.bgp.testcases.ReviewPageAndBacktoErrorPage@67b92f0a]" name="afterMethod" is-config="true" duration-ms="700" started-at="2020-06-15T12:02:42Z" finished-at="2020-06-15T12:02:43Z">
          <params>
            <param index="0">
              <value>
                <![CDATA[[TestResult name=verifyBackOnDeclarePage status=SUCCESS method=ReviewPageAndBacktoErrorPage.verifyBackOnDeclarePage()[pri:0, instance:com.bgp.testcases.ReviewPageAndBacktoErrorPage@67b92f0a] output={null}]]]>
              </value>
            </param>
          </params>
          <reporter-output>
          </reporter-output>
        </test-method> <!-- afterMethod -->
        <test-method status="PASS" signature="beforeMethod()[pri:0, instance:com.bgp.testcases.ReviewPageAndBacktoErrorPage@67b92f0a]" name="beforeMethod" is-config="true" duration-ms="8439" started-at="2020-06-15T12:02:43Z" finished-at="2020-06-15T12:02:51Z">
          <reporter-output>
          </reporter-output>
        </test-method> <!-- beforeMethod -->
        <test-method status="PASS" signature="getFormPages()[pri:0, instance:com.bgp.testcases.ReviewPageAndBacktoErrorPage@67b92f0a]" name="getFormPages" is-config="true" duration-ms="7920" started-at="2020-06-15T12:02:51Z" finished-at="2020-06-15T12:02:59Z">
          <reporter-output>
          </reporter-output>
        </test-method> <!-- getFormPages -->
        <test-method status="PASS" signature="verifyBackOnEligibiltyPage()[pri:0, instance:com.bgp.testcases.ReviewPageAndBacktoErrorPage@67b92f0a]" name="verifyBackOnEligibiltyPage" duration-ms="43509" started-at="2020-06-15T12:02:59Z" finished-at="2020-06-15T12:03:43Z">
          <reporter-output>
          </reporter-output>
        </test-method> <!-- verifyBackOnEligibiltyPage -->
        <test-method status="PASS" signature="afterMethod(org.testng.ITestResult)[pri:0, instance:com.bgp.testcases.ReviewPageAndBacktoErrorPage@67b92f0a]" name="afterMethod" is-config="true" duration-ms="696" started-at="2020-06-15T12:03:43Z" finished-at="2020-06-15T12:03:43Z">
          <params>
            <param index="0">
              <value>
                <![CDATA[[TestResult name=verifyBackOnEligibiltyPage status=SUCCESS method=ReviewPageAndBacktoErrorPage.verifyBackOnEligibiltyPage()[pri:0, instance:com.bgp.testcases.ReviewPageAndBacktoErrorPage@67b92f0a] output={null}]]]>
              </value>
            </param>
          </params>
          <reporter-output>
          </reporter-output>
        </test-method> <!-- afterMethod -->
        <test-method status="PASS" signature="beforeMethod()[pri:0, instance:com.bgp.testcases.ReviewPageAndBacktoErrorPage@67b92f0a]" name="beforeMethod" is-config="true" duration-ms="8915" started-at="2020-06-15T12:03:43Z" finished-at="2020-06-15T12:03:52Z">
          <reporter-output>
          </reporter-output>
        </test-method> <!-- beforeMethod -->
        <test-method status="PASS" signature="getFormPages()[pri:0, instance:com.bgp.testcases.ReviewPageAndBacktoErrorPage@67b92f0a]" name="getFormPages" is-config="true" duration-ms="7889" started-at="2020-06-15T12:03:52Z" finished-at="2020-06-15T12:04:00Z">
          <reporter-output>
          </reporter-output>
        </test-method> <!-- getFormPages -->
        <test-method status="PASS" signature="verifyBackOnProposalPage()[pri:0, instance:com.bgp.testcases.ReviewPageAndBacktoErrorPage@67b92f0a]" name="verifyBackOnProposalPage" duration-ms="43732" started-at="2020-06-15T12:04:00Z" finished-at="2020-06-15T12:04:44Z">
          <reporter-output>
          </reporter-output>
        </test-method> <!-- verifyBackOnProposalPage -->
        <test-method status="PASS" signature="afterMethod(org.testng.ITestResult)[pri:0, instance:com.bgp.testcases.ReviewPageAndBacktoErrorPage@67b92f0a]" name="afterMethod" is-config="true" duration-ms="716" started-at="2020-06-15T12:04:44Z" finished-at="2020-06-15T12:04:45Z">
          <params>
            <param index="0">
              <value>
                <![CDATA[[TestResult name=verifyBackOnProposalPage status=SUCCESS method=ReviewPageAndBacktoErrorPage.verifyBackOnProposalPage()[pri:0, instance:com.bgp.testcases.ReviewPageAndBacktoErrorPage@67b92f0a] output={null}]]]>
              </value>
            </param>
          </params>
          <reporter-output>
          </reporter-output>
        </test-method> <!-- afterMethod -->
      </class> <!-- com.bgp.testcases.ReviewPageAndBacktoErrorPage -->
      <class name="com.bgp.testcases.FormSubmission">
        <test-method status="PASS" signature="beforeMethod()[pri:0, instance:com.bgp.testcases.FormSubmission@2b9627bc]" name="beforeMethod" is-config="true" duration-ms="8072" started-at="2020-06-15T12:04:45Z" finished-at="2020-06-15T12:04:53Z">
          <reporter-output>
          </reporter-output>
        </test-method> <!-- beforeMethod -->
        <test-method status="PASS" signature="getFormPages()[pri:0, instance:com.bgp.testcases.FormSubmission@2b9627bc]" name="getFormPages" is-config="true" duration-ms="7436" started-at="2020-06-15T12:04:53Z" finished-at="2020-06-15T12:05:00Z">
          <reporter-output>
          </reporter-output>
        </test-method> <!-- getFormPages -->
        <test-method status="PASS" signature="verifySubmittedFormAndProcessingTab()[pri:0, instance:com.bgp.testcases.FormSubmission@2b9627bc]" name="verifySubmittedFormAndProcessingTab" duration-ms="59954" started-at="2020-06-15T12:05:00Z" finished-at="2020-06-15T12:06:00Z">
          <reporter-output>
          </reporter-output>
        </test-method> <!-- verifySubmittedFormAndProcessingTab -->
        <test-method status="PASS" signature="afterMethod(org.testng.ITestResult)[pri:0, instance:com.bgp.testcases.FormSubmission@2b9627bc]" name="afterMethod" is-config="true" duration-ms="729" started-at="2020-06-15T12:06:00Z" finished-at="2020-06-15T12:06:01Z">
          <params>
            <param index="0">
              <value>
                <![CDATA[[TestResult name=verifySubmittedFormAndProcessingTab status=SUCCESS method=FormSubmission.verifySubmittedFormAndProcessingTab()[pri:0, instance:com.bgp.testcases.FormSubmission@2b9627bc] output={null}]]]>
              </value>
            </param>
          </params>
          <reporter-output>
          </reporter-output>
        </test-method> <!-- afterMethod -->
      </class> <!-- com.bgp.testcases.FormSubmission -->
    </test> <!-- BGP Test Cases -->
  </suite> <!-- BGP Test Suite -->
</testng-results>
